<?xml version="1.0" encoding="UTF-8"?>
<!-- Generated by org.testng.reporters.JUnitReportReporter -->
<testsuite skipped="0" hostname="Nikil" name="ukwebsite.zoopla" tests="2" failures="0" timestamp="24 Jul 2019 23:39:09 GMT" time="21.292" errors="0">
  <testcase name="home_price" time="17.170" classname="ukwebsite.zoopla"/>
  <testcase name="click_on_element" time="4.122" classname="ukwebsite.zoopla"/>
</testsuite> <!-- ukwebsite.zoopla -->
